<?xml version="1.0" encoding="UTF-8"?>
<!-- Generated by org.testng.reporters.JUnitXMLReporter -->
<testsuite ignored="0" hostname="GauravAhuja" failures="0" tests="4" name="Test" time="35.036" errors="0" timestamp="2023-12-03T18:28:13 IST">
  <testcase classname="TestCasePackage.NaukriRegistration" name="logoVerified" time="9.585"/>
  <testcase classname="TestCasePackage.NaukriRegistration" name="carrerRegis" time="1.747"/>
  <testcase classname="TestCasePackage.NaukriRegistration" name="carrerRegis" time="1.06"/>
  <testcase classname="TestCasePackage.NaukriRegistration" name="carrerRegis" time="1.027"/>
</testsuite> <!-- Test -->
