<?xml version="1.0" encoding="UTF-8"?>
<testng-results ignored="0" total="1" passed="1" failed="0" skipped="0">
  <reporter-output>
  </reporter-output>
  <suite started-at="2023-12-02T17:21:56 IST" name="Suite" finished-at="2023-12-02T17:22:32 IST" duration-ms="36107">
    <groups>
    </groups>
    <test started-at="2023-12-02T17:21:56 IST" name="Test" finished-at="2023-12-02T17:22:32 IST" duration-ms="36107">
      <class name="TestCasePackage.NaukriRegistration">
        <test-method is-config="true" signature="setUP(java.lang.String)[pri:0, instance:TestCasePackage.NaukriRegistration@1433046b]" started-at="2023-12-02T17:21:56 IST" name="setUP" finished-at="2023-12-02T17:22:20 IST" duration-ms="23731" status="PASS">
          <params>
            <param index="0">
              <value>
                <![CDATA[chrome]]>
              </value>
            </param>
          </params>
          <reporter-output>
          </reporter-output>
        </test-method> <!-- setUP -->
        <test-method signature="carrerRegistration()[pri:1, instance:TestCasePackage.NaukriRegistration@1433046b]" started-at="2023-12-02T17:22:20 IST" name="carrerRegistration" description="Wait for Logo" finished-at="2023-12-02T17:22:32 IST" duration-ms="12033" status="PASS">
          <reporter-output>
          </reporter-output>
        </test-method> <!-- carrerRegistration -->
      </class> <!-- TestCasePackage.NaukriRegistration -->
    </test> <!-- Test -->
  </suite> <!-- Suite -->
</testng-results>
